<?xml version="1.0" encoding="UTF-8"?>
<!-- Generated by org.testng.reporters.JUnitReportReporter -->
<testsuite skipped="0" hostname="DESKTOP-DQ7T88S" name="com.pomframework.tests.AuthenticationPageTest" tests="2" failures="0" timestamp="06 Nov 2018 02:00:43 GMT" time="13.859" errors="0">
  <testcase name="validateLogin" time="7.045" classname="com.pomframework.tests.AuthenticationPageTest"/>
  <testcase name="validateAuthPgTitle" time="6.814" classname="com.pomframework.tests.AuthenticationPageTest"/>
</testsuite> <!-- com.pomframework.tests.AuthenticationPageTest -->
