<?xml version="1.0" encoding="UTF-8"?>
<!-- Generated by org.testng.reporters.JUnitReportReporter -->
<testsuite skipped="0" hostname="DESKTOP-DQ7T88S" name="com.pomframework.tests.LandingPageTest" tests="1" failures="0" timestamp="06 Nov 2018 02:19:47 GMT" time="6.916" errors="0">
  <testcase name="validateNavigationToTShirtPg" time="6.916" classname="com.pomframework.tests.LandingPageTest"/>
</testsuite> <!-- com.pomframework.tests.LandingPageTest -->
