<?xml version="1.0" encoding="UTF-8"?>
<!-- Generated by org.testng.reporters.JUnitReportReporter -->
<testsuite skipped="0" hostname="DESKTOP-DQ7T88S" name="com.pomframework.tests.LandingPageTests" tests="1" failures="0" timestamp="06 Nov 2018 23:41:21 GMT" time="2.959" errors="0">
  <testcase name="validateAddItemToCart" time="2.959" classname="com.pomframework.tests.LandingPageTests"/>
</testsuite> <!-- com.pomframework.tests.LandingPageTests -->
